2014/05/25 11:52:03 [error] [system.db.CDbCommand] CDbCommand::fetchAll() failed: SQLSTATE[42703]: Undefined column: 7 ERROR:  column f.id_Pore does not exist
LINE 3: WHERE p."id" IN ( SELECT f."id_Pore" FROM "Fluid" "f" WHERE ...
                                 ^. The SQL statement executed was: SELECT *
FROM "Pore" "p"
WHERE p."id" IN ( SELECT f."id_Pore" FROM "Fluid" "f" WHERE f."id_Born" = :born_id ).
in W:\home\yii\drilling.ru\protected\controllers\FluidController.php (197)
in W:\home\yii\drilling.ru\index.php (15)
2014/05/25 11:52:03 [error] [exception.CDbException] exception 'CDbException' with message 'CDbCommand failed to execute the SQL statement: SQLSTATE[42703]: Undefined column: 7 ERROR:  column f.id_Pore does not exist
LINE 3: WHERE p."id" IN ( SELECT f."id_Pore" FROM "Fluid" "f" WHERE ...
                                 ^. The SQL statement executed was: SELECT *
FROM "Pore" "p"
WHERE p."id" IN ( SELECT f."id_Pore" FROM "Fluid" "f" WHERE f."id_Born" = :born_id )' in W:\home\yii\drilling.ru\framework\db\CDbCommand.php:543
Stack trace:
#0 W:\home\yii\drilling.ru\framework\db\CDbCommand.php(396): CDbCommand->queryInternal('fetchAll', Array, Array)
#1 W:\home\yii\drilling.ru\protected\controllers\FluidController.php(197): CDbCommand->queryAll()
#2 W:\home\yii\drilling.ru\framework\web\actions\CInlineAction.php(49): FluidController->actionTree()
#3 W:\home\yii\drilling.ru\framework\web\CController.php(308): CInlineAction->runWithParams(Array)
#4 W:\home\yii\drilling.ru\framework\web\filters\CFilterChain.php(133): CController->runAction(Object(CInlineAction))
#5 W:\home\yii\drilling.ru\framework\web\filters\CFilter.php(40): CFilterChain->run()
#6 W:\home\yii\drilling.ru\framework\web\CController.php(1145): CFilter->filter(Object(CFilterChain))
#7 W:\home\yii\drilling.ru\framework\web\filters\CInlineFilter.php(58): CController->filterAccessControl(Object(CFilterChain))
#8 W:\home\yii\drilling.ru\framework\web\filters\CFilterChain.php(130): CInlineFilter->filter(Object(CFilterChain))
#9 W:\home\yii\drilling.ru\framework\web\CController.php(291): CFilterChain->run()
#10 W:\home\yii\drilling.ru\framework\web\CController.php(265): CController->runActionWithFilters(Object(CInlineAction), Array)
#11 W:\home\yii\drilling.ru\framework\web\CWebApplication.php(282): CController->run('tree')
#12 W:\home\yii\drilling.ru\framework\web\CWebApplication.php(141): CWebApplication->runController('fluid/tree')
#13 W:\home\yii\drilling.ru\framework\base\CApplication.php(180): CWebApplication->processRequest()
#14 W:\home\yii\drilling.ru\index.php(15): CApplication->run()
#15 {main}
REQUEST_URI=/index.php?r=fluid/tree&root=Born%7C185C2987-35F7-C4A5-15F4777D459F+++++
HTTP_REFERER=http://drilling.ru.yii/index.php?r=fluid/index
---
2014/05/25 12:31:14 [error] [system.db.CDbCommand] CDbCommand::fetchColumn() failed: SQLSTATE[42703]: Undefined column: 7 ERROR:  column "id_square" does not exist
LINE 1: SELECT COUNT(*) FROM "Fluid" "t" WHERE id_Square LIKE '%3225...
                                               ^. The SQL statement executed was: SELECT COUNT(*) FROM "Fluid" "t" WHERE id_Square LIKE :ycp1.
in W:\home\yii\drilling.ru\protected\extensions\bootstrap\widgets\TbGridView.php (99)
in W:\home\yii\drilling.ru\protected\views\fluid\index.php (163)
in W:\home\yii\drilling.ru\protected\controllers\FluidController.php (144)
2014/05/25 12:31:14 [error] [exception.CDbException] exception 'CDbException' with message 'CDbCommand failed to execute the SQL statement: SQLSTATE[42703]: Undefined column: 7 ERROR:  column "id_square" does not exist
LINE 1: SELECT COUNT(*) FROM "Fluid" "t" WHERE id_Square LIKE '%3225...
                                               ^. The SQL statement executed was: SELECT COUNT(*) FROM "Fluid" "t" WHERE id_Square LIKE :ycp1' in W:\home\yii\drilling.ru\framework\db\CDbCommand.php:543
Stack trace:
#0 W:\home\yii\drilling.ru\framework\db\CDbCommand.php(433): CDbCommand->queryInternal('fetchColumn', 0, Array)
#1 W:\home\yii\drilling.ru\framework\db\ar\CActiveRecord.php(1601): CDbCommand->queryScalar()
#2 W:\home\yii\drilling.ru\framework\web\CActiveDataProvider.php(228): CActiveRecord->count(Object(CDbCriteria))
#3 W:\home\yii\drilling.ru\framework\web\CDataProvider.php(224): CActiveDataProvider->calculateTotalItemCount()
#4 W:\home\yii\drilling.ru\framework\web\CActiveDataProvider.php(178): CDataProvider->getTotalItemCount()
#5 W:\home\yii\drilling.ru\framework\web\CDataProvider.php(168): CActiveDataProvider->fetchData()
#6 W:\home\yii\drilling.ru\framework\zii\widgets\CBaseListView.php(111): CDataProvider->getData()
#7 W:\home\yii\drilling.ru\framework\zii\widgets\grid\CGridView.php(339): CBaseListView->init()
#8 W:\home\yii\drilling.ru\protected\extensions\bootstrap\widgets\TbGridView.php(99): CGridView->init()
#9 W:\home\yii\drilling.ru\framework\web\CBaseController.php(147): TbGridView->init()
#10 W:\home\yii\drilling.ru\framework\web\CBaseController.php(172): CBaseController->createWidget('bootstrap.widge...', Array)
#11 W:\home\yii\drilling.ru\protected\views\fluid\index.php(163): CBaseController->widget('bootstrap.widge...', Array)
#12 W:\home\yii\drilling.ru\framework\web\CBaseController.php(126): require('W:\home\yii\dri...')
#13 W:\home\yii\drilling.ru\framework\web\CBaseController.php(95): CBaseController->renderInternal('W:\home\yii\dri...', Array, true)
#14 W:\home\yii\drilling.ru\framework\web\CController.php(869): CBaseController->renderFile('W:\home\yii\dri...', Array, true)
#15 W:\home\yii\drilling.ru\framework\web\CController.php(782): CController->renderPartial('index', Array, true)
#16 W:\home\yii\drilling.ru\protected\controllers\FluidController.php(144): CController->render('index', Array)
#17 W:\home\yii\drilling.ru\framework\web\actions\CInlineAction.php(49): FluidController->actionIndex()
#18 W:\home\yii\drilling.ru\framework\web\CController.php(308): CInlineAction->runWithParams(Array)
#19 W:\home\yii\drilling.ru\framework\web\filters\CFilterChain.php(133): CController->runAction(Object(CInlineAction))
#20 W:\home\yii\drilling.ru\framework\web\filters\CFilter.php(40): CFilterChain->run()
#21 W:\home\yii\drilling.ru\framework\web\CController.php(1145): CFilter->filter(Object(CFilterChain))
#22 W:\home\yii\drilling.ru\framework\web\filters\CInlineFilter.php(58): CController->filterAccessControl(Object(CFilterChain))
#23 W:\home\yii\drilling.ru\framework\web\filters\CFilterChain.php(130): CInlineFilter->filter(Object(CFilterChain))
#24 W:\home\yii\drilling.ru\framework\web\CController.php(291): CFilterChain->run()
#25 W:\home\yii\drilling.ru\framework\web\CController.php(265): CController->runActionWithFilters(Object(CInlineAction), Array)
#26 W:\home\yii\drilling.ru\framework\web\CWebApplication.php(282): CController->run('index')
#27 W:\home\yii\drilling.ru\framework\web\CWebApplication.php(141): CWebApplication->runController('fluid/index')
#28 W:\home\yii\drilling.ru\framework\base\CApplication.php(180): CWebApplication->processRequest()
#29 W:\home\yii\drilling.ru\index.php(15): CApplication->run()
#30 {main}
REQUEST_URI=/index.php?Fluid%5Bid_Square%5D=32253DCA-DE63-4B05-ABAC-7A19C974EE53&ajax=fluid-grid&r=fluid%2Findex
HTTP_REFERER=http://drilling.ru.yii/index.php?r=fluid/index
---
2014/05/25 12:32:21 [warning] [application] Failed to set unsafe attribute "id_Square" of "Fluid".
in W:\home\yii\drilling.ru\protected\controllers\FluidController.php (138)
in W:\home\yii\drilling.ru\index.php (15)
2014/05/25 12:47:27 [error] [exception.CHttpException.404] exception 'CHttpException' with message 'The system is unable to find the requested action "tree".' in W:\home\yii\drilling.ru\framework\web\CController.php:483
Stack trace:
#0 W:\home\yii\drilling.ru\framework\web\CController.php(270): CController->missingAction('tree')
#1 W:\home\yii\drilling.ru\framework\web\CWebApplication.php(282): CController->run('tree')
#2 W:\home\yii\drilling.ru\framework\web\CWebApplication.php(141): CWebApplication->runController('pore/tree')
#3 W:\home\yii\drilling.ru\framework\base\CApplication.php(180): CWebApplication->processRequest()
#4 W:\home\yii\drilling.ru\index.php(15): CApplication->run()
#5 {main}
REQUEST_URI=/index.php?r=pore/tree&root=source
HTTP_REFERER=http://drilling.ru.yii/index.php?r=pore/index
---
2014/05/25 12:57:25 [error] [exception.CException] exception 'CException' with message 'Property "Pore.Name" is not defined.' in W:\home\yii\drilling.ru\framework\base\CComponent.php:130
Stack trace:
#0 W:\home\yii\drilling.ru\framework\db\ar\CActiveRecord.php(145): CComponent->__get('Name')
#1 W:\home\yii\drilling.ru\protected\controllers\PoreController.php(73): CActiveRecord->__get('Name')
#2 W:\home\yii\drilling.ru\framework\web\actions\CInlineAction.php(49): PoreController->actionTree()
#3 W:\home\yii\drilling.ru\framework\web\CController.php(308): CInlineAction->runWithParams(Array)
#4 W:\home\yii\drilling.ru\framework\web\filters\CFilterChain.php(133): CController->runAction(Object(CInlineAction))
#5 W:\home\yii\drilling.ru\framework\web\filters\CFilter.php(40): CFilterChain->run()
#6 W:\home\yii\drilling.ru\framework\web\CController.php(1145): CFilter->filter(Object(CFilterChain))
#7 W:\home\yii\drilling.ru\framework\web\filters\CInlineFilter.php(58): CController->filterAccessControl(Object(CFilterChain))
#8 W:\home\yii\drilling.ru\framework\web\filters\CFilterChain.php(130): CInlineFilter->filter(Object(CFilterChain))
#9 W:\home\yii\drilling.ru\framework\web\CController.php(291): CFilterChain->run()
#10 W:\home\yii\drilling.ru\framework\web\CController.php(265): CController->runActionWithFilters(Object(CInlineAction), Array)
#11 W:\home\yii\drilling.ru\framework\web\CWebApplication.php(282): CController->run('tree')
#12 W:\home\yii\drilling.ru\framework\web\CWebApplication.php(141): CWebApplication->runController('pore/tree')
#13 W:\home\yii\drilling.ru\framework\base\CApplication.php(180): CWebApplication->processRequest()
#14 W:\home\yii\drilling.ru\index.php(15): CApplication->run()
#15 {main}
REQUEST_URI=/index.php?r=pore/tree&root=source
HTTP_REFERER=http://drilling.ru.yii/index.php?r=pore/index
---
2014/05/25 12:58:08 [error] [exception.CException] exception 'CException' with message 'Property "Pore.Name" is not defined.' in W:\home\yii\drilling.ru\framework\base\CComponent.php:130
Stack trace:
#0 W:\home\yii\drilling.ru\framework\db\ar\CActiveRecord.php(145): CComponent->__get('Name')
#1 W:\home\yii\drilling.ru\protected\controllers\PoreController.php(73): CActiveRecord->__get('Name')
#2 W:\home\yii\drilling.ru\framework\web\actions\CInlineAction.php(49): PoreController->actionTree()
#3 W:\home\yii\drilling.ru\framework\web\CController.php(308): CInlineAction->runWithParams(Array)
#4 W:\home\yii\drilling.ru\framework\web\filters\CFilterChain.php(133): CController->runAction(Object(CInlineAction))
#5 W:\home\yii\drilling.ru\framework\web\filters\CFilter.php(40): CFilterChain->run()
#6 W:\home\yii\drilling.ru\framework\web\CController.php(1145): CFilter->filter(Object(CFilterChain))
#7 W:\home\yii\drilling.ru\framework\web\filters\CInlineFilter.php(58): CController->filterAccessControl(Object(CFilterChain))
#8 W:\home\yii\drilling.ru\framework\web\filters\CFilterChain.php(130): CInlineFilter->filter(Object(CFilterChain))
#9 W:\home\yii\drilling.ru\framework\web\CController.php(291): CFilterChain->run()
#10 W:\home\yii\drilling.ru\framework\web\CController.php(265): CController->runActionWithFilters(Object(CInlineAction), Array)
#11 W:\home\yii\drilling.ru\framework\web\CWebApplication.php(282): CController->run('tree')
#12 W:\home\yii\drilling.ru\framework\web\CWebApplication.php(141): CWebApplication->runController('pore/tree')
#13 W:\home\yii\drilling.ru\framework\base\CApplication.php(180): CWebApplication->processRequest()
#14 W:\home\yii\drilling.ru\index.php(15): CApplication->run()
#15 {main}
REQUEST_URI=/index.php?r=pore/tree&root=source
---
2014/05/25 13:44:42 [error] [system.db.CDbCommand] CDbCommand::fetchAll() failed: SQLSTATE[42P01]: Undefined table: 7 ERROR:  missing FROM-clause entry for table "p"
LINE 3: WHERE p."id" IN ( SELECT f."id_pore" FROM "Fluid" "f" WHERE ...
              ^. The SQL statement executed was: SELECT *
FROM "Pore" "s"
WHERE p."id" IN ( SELECT f."id_pore" FROM "Fluid" "f" WHERE f."id_square" = :id_square ).
in W:\home\yii\drilling.ru\protected\controllers\PoreController.php (91)
in W:\home\yii\drilling.ru\index.php (15)
2014/05/25 13:44:42 [error] [exception.CDbException] exception 'CDbException' with message 'CDbCommand failed to execute the SQL statement: SQLSTATE[42P01]: Undefined table: 7 ERROR:  missing FROM-clause entry for table "p"
LINE 3: WHERE p."id" IN ( SELECT f."id_pore" FROM "Fluid" "f" WHERE ...
              ^. The SQL statement executed was: SELECT *
FROM "Pore" "s"
WHERE p."id" IN ( SELECT f."id_pore" FROM "Fluid" "f" WHERE f."id_square" = :id_square )' in W:\home\yii\drilling.ru\framework\db\CDbCommand.php:543
Stack trace:
#0 W:\home\yii\drilling.ru\framework\db\CDbCommand.php(396): CDbCommand->queryInternal('fetchAll', Array, Array)
#1 W:\home\yii\drilling.ru\protected\controllers\PoreController.php(91): CDbCommand->queryAll()
#2 W:\home\yii\drilling.ru\framework\web\actions\CInlineAction.php(49): PoreController->actionTree()
#3 W:\home\yii\drilling.ru\framework\web\CController.php(308): CInlineAction->runWithParams(Array)
#4 W:\home\yii\drilling.ru\framework\web\filters\CFilterChain.php(133): CController->runAction(Object(CInlineAction))
#5 W:\home\yii\drilling.ru\framework\web\filters\CFilter.php(40): CFilterChain->run()
#6 W:\home\yii\drilling.ru\framework\web\CController.php(1145): CFilter->filter(Object(CFilterChain))
#7 W:\home\yii\drilling.ru\framework\web\filters\CInlineFilter.php(58): CController->filterAccessControl(Object(CFilterChain))
#8 W:\home\yii\drilling.ru\framework\web\filters\CFilterChain.php(130): CInlineFilter->filter(Object(CFilterChain))
#9 W:\home\yii\drilling.ru\framework\web\CController.php(291): CFilterChain->run()
#10 W:\home\yii\drilling.ru\framework\web\CController.php(265): CController->runActionWithFilters(Object(CInlineAction), Array)
#11 W:\home\yii\drilling.ru\framework\web\CWebApplication.php(282): CController->run('tree')
#12 W:\home\yii\drilling.ru\framework\web\CWebApplication.php(141): CWebApplication->runController('pore/tree')
#13 W:\home\yii\drilling.ru\framework\base\CApplication.php(180): CWebApplication->processRequest()
#14 W:\home\yii\drilling.ru\index.php(15): CApplication->run()
#15 {main}
REQUEST_URI=/index.php?r=pore/tree&rooter=32253DCA-DE63-4B05-ABAC-7A19C974EE53&root=source
HTTP_REFERER=http://drilling.ru.yii/index.php?r=pore/index
---
2014/05/25 13:45:23 [error] [system.db.CDbCommand] CDbCommand::fetchAll() failed: SQLSTATE[42P01]: Undefined table: 7 ERROR:  missing FROM-clause entry for table "p"
LINE 3: WHERE p."id" IN ( SELECT f."id_pore" FROM "Fluid" "f" WHERE ...
              ^. The SQL statement executed was: SELECT *
FROM "Pore" "s"
WHERE p."id" IN ( SELECT f."id_pore" FROM "Fluid" "f" WHERE f."id_square" = :id_square ).
in W:\home\yii\drilling.ru\protected\controllers\PoreController.php (91)
in W:\home\yii\drilling.ru\index.php (15)
2014/05/25 13:45:23 [error] [exception.CDbException] exception 'CDbException' with message 'CDbCommand failed to execute the SQL statement: SQLSTATE[42P01]: Undefined table: 7 ERROR:  missing FROM-clause entry for table "p"
LINE 3: WHERE p."id" IN ( SELECT f."id_pore" FROM "Fluid" "f" WHERE ...
              ^. The SQL statement executed was: SELECT *
FROM "Pore" "s"
WHERE p."id" IN ( SELECT f."id_pore" FROM "Fluid" "f" WHERE f."id_square" = :id_square )' in W:\home\yii\drilling.ru\framework\db\CDbCommand.php:543
Stack trace:
#0 W:\home\yii\drilling.ru\framework\db\CDbCommand.php(396): CDbCommand->queryInternal('fetchAll', Array, Array)
#1 W:\home\yii\drilling.ru\protected\controllers\PoreController.php(91): CDbCommand->queryAll()
#2 W:\home\yii\drilling.ru\framework\web\actions\CInlineAction.php(49): PoreController->actionTree()
#3 W:\home\yii\drilling.ru\framework\web\CController.php(308): CInlineAction->runWithParams(Array)
#4 W:\home\yii\drilling.ru\framework\web\filters\CFilterChain.php(133): CController->runAction(Object(CInlineAction))
#5 W:\home\yii\drilling.ru\framework\web\filters\CFilter.php(40): CFilterChain->run()
#6 W:\home\yii\drilling.ru\framework\web\CController.php(1145): CFilter->filter(Object(CFilterChain))
#7 W:\home\yii\drilling.ru\framework\web\filters\CInlineFilter.php(58): CController->filterAccessControl(Object(CFilterChain))
#8 W:\home\yii\drilling.ru\framework\web\filters\CFilterChain.php(130): CInlineFilter->filter(Object(CFilterChain))
#9 W:\home\yii\drilling.ru\framework\web\CController.php(291): CFilterChain->run()
#10 W:\home\yii\drilling.ru\framework\web\CController.php(265): CController->runActionWithFilters(Object(CInlineAction), Array)
#11 W:\home\yii\drilling.ru\framework\web\CWebApplication.php(282): CController->run('tree')
#12 W:\home\yii\drilling.ru\framework\web\CWebApplication.php(141): CWebApplication->runController('pore/tree')
#13 W:\home\yii\drilling.ru\framework\base\CApplication.php(180): CWebApplication->processRequest()
#14 W:\home\yii\drilling.ru\index.php(15): CApplication->run()
#15 {main}
REQUEST_URI=/index.php?r=pore/tree&rooter=32253DCA-DE63-4B05-ABAC-7A19C974EE53&root=source
HTTP_REFERER=http://drilling.ru.yii/index.php?r=pore/index
---
2014/05/25 13:45:57 [error] [system.db.CDbCommand] CDbCommand::fetchAll() failed: SQLSTATE[42P01]: Undefined table: 7 ERROR:  missing FROM-clause entry for table "p"
LINE 3: WHERE p."id" IN ( SELECT f."id_pore" FROM "Fluid" "f" WHERE ...
              ^. The SQL statement executed was: SELECT *
FROM "Pore" "s"
WHERE p."id" IN ( SELECT f."id_pore" FROM "Fluid" "f" WHERE f."id_square" = :id_square ).
in W:\home\yii\drilling.ru\protected\controllers\PoreController.php (91)
in W:\home\yii\drilling.ru\index.php (15)
2014/05/25 13:45:57 [error] [exception.CDbException] exception 'CDbException' with message 'CDbCommand failed to execute the SQL statement: SQLSTATE[42P01]: Undefined table: 7 ERROR:  missing FROM-clause entry for table "p"
LINE 3: WHERE p."id" IN ( SELECT f."id_pore" FROM "Fluid" "f" WHERE ...
              ^. The SQL statement executed was: SELECT *
FROM "Pore" "s"
WHERE p."id" IN ( SELECT f."id_pore" FROM "Fluid" "f" WHERE f."id_square" = :id_square )' in W:\home\yii\drilling.ru\framework\db\CDbCommand.php:543
Stack trace:
#0 W:\home\yii\drilling.ru\framework\db\CDbCommand.php(396): CDbCommand->queryInternal('fetchAll', Array, Array)
#1 W:\home\yii\drilling.ru\protected\controllers\PoreController.php(91): CDbCommand->queryAll()
#2 W:\home\yii\drilling.ru\framework\web\actions\CInlineAction.php(49): PoreController->actionTree()
#3 W:\home\yii\drilling.ru\framework\web\CController.php(308): CInlineAction->runWithParams(Array)
#4 W:\home\yii\drilling.ru\framework\web\filters\CFilterChain.php(133): CController->runAction(Object(CInlineAction))
#5 W:\home\yii\drilling.ru\framework\web\filters\CFilter.php(40): CFilterChain->run()
#6 W:\home\yii\drilling.ru\framework\web\CController.php(1145): CFilter->filter(Object(CFilterChain))
#7 W:\home\yii\drilling.ru\framework\web\filters\CInlineFilter.php(58): CController->filterAccessControl(Object(CFilterChain))
#8 W:\home\yii\drilling.ru\framework\web\filters\CFilterChain.php(130): CInlineFilter->filter(Object(CFilterChain))
#9 W:\home\yii\drilling.ru\framework\web\CController.php(291): CFilterChain->run()
#10 W:\home\yii\drilling.ru\framework\web\CController.php(265): CController->runActionWithFilters(Object(CInlineAction), Array)
#11 W:\home\yii\drilling.ru\framework\web\CWebApplication.php(282): CController->run('tree')
#12 W:\home\yii\drilling.ru\framework\web\CWebApplication.php(141): CWebApplication->runController('pore/tree')
#13 W:\home\yii\drilling.ru\framework\base\CApplication.php(180): CWebApplication->processRequest()
#14 W:\home\yii\drilling.ru\index.php(15): CApplication->run()
#15 {main}
REQUEST_URI=/index.php?r=pore/tree&rooter=393E66CA-E91E-8D54-235154313A47
---
2014/05/25 13:53:54 [error] [system.db.CDbCommand] CDbCommand::fetchAll() failed: SQLSTATE[42601]: Syntax error: 7 ERROR:  syntax error at or near "WHERE"
LINE 3: WHERE WHERE f."id_pore" = 'Pore|EB46D3B7-4977-B46B-E03214A70...
              ^. The SQL statement executed was: SELECT *
FROM "Fluid" "f"
WHERE WHERE f."id_pore" = :id_pore ).
in W:\home\yii\drilling.ru\protected\controllers\PoreController.php (122)
in W:\home\yii\drilling.ru\index.php (15)
2014/05/25 13:53:54 [error] [exception.CDbException] exception 'CDbException' with message 'CDbCommand failed to execute the SQL statement: SQLSTATE[42601]: Syntax error: 7 ERROR:  syntax error at or near "WHERE"
LINE 3: WHERE WHERE f."id_pore" = 'Pore|EB46D3B7-4977-B46B-E03214A70...
              ^. The SQL statement executed was: SELECT *
FROM "Fluid" "f"
WHERE WHERE f."id_pore" = :id_pore )' in W:\home\yii\drilling.ru\framework\db\CDbCommand.php:543
Stack trace:
#0 W:\home\yii\drilling.ru\framework\db\CDbCommand.php(396): CDbCommand->queryInternal('fetchAll', Array, Array)
#1 W:\home\yii\drilling.ru\protected\controllers\PoreController.php(122): CDbCommand->queryAll()
#2 W:\home\yii\drilling.ru\framework\web\actions\CInlineAction.php(49): PoreController->actionTree()
#3 W:\home\yii\drilling.ru\framework\web\CController.php(308): CInlineAction->runWithParams(Array)
#4 W:\home\yii\drilling.ru\framework\web\filters\CFilterChain.php(133): CController->runAction(Object(CInlineAction))
#5 W:\home\yii\drilling.ru\framework\web\filters\CFilter.php(40): CFilterChain->run()
#6 W:\home\yii\drilling.ru\framework\web\CController.php(1145): CFilter->filter(Object(CFilterChain))
#7 W:\home\yii\drilling.ru\framework\web\filters\CInlineFilter.php(58): CController->filterAccessControl(Object(CFilterChain))
#8 W:\home\yii\drilling.ru\framework\web\filters\CFilterChain.php(130): CInlineFilter->filter(Object(CFilterChain))
#9 W:\home\yii\drilling.ru\framework\web\CController.php(291): CFilterChain->run()
#10 W:\home\yii\drilling.ru\framework\web\CController.php(265): CController->runActionWithFilters(Object(CInlineAction), Array)
#11 W:\home\yii\drilling.ru\framework\web\CWebApplication.php(282): CController->run('tree')
#12 W:\home\yii\drilling.ru\framework\web\CWebApplication.php(141): CWebApplication->runController('pore/tree')
#13 W:\home\yii\drilling.ru\framework\base\CApplication.php(180): CWebApplication->processRequest()
#14 W:\home\yii\drilling.ru\index.php(15): CApplication->run()
#15 {main}
REQUEST_URI=/index.php?r=pore/tree&rooter=32253DCA-DE63-4B05-ABAC-7A19C974EE53&root=Pore%7CEB46D3B7-4977-B46B-E03214A704D7+++++
HTTP_REFERER=http://drilling.ru.yii/index.php?r=pore/index
---
2014/05/25 13:55:05 [error] [system.db.CDbCommand] CDbCommand::fetchAll() failed: SQLSTATE[42601]: Syntax error: 7 ERROR:  syntax error at or near "WHERE"
LINE 3: WHERE WHERE f."id_pore" = 'EB46D3B7-4977-B46B-E03214A704D7' ...
              ^. The SQL statement executed was: SELECT *
FROM "Fluid" "f"
WHERE WHERE f."id_pore" = :id_pore ).
in W:\home\yii\drilling.ru\protected\controllers\PoreController.php (122)
in W:\home\yii\drilling.ru\index.php (15)
2014/05/25 13:55:05 [error] [exception.CDbException] exception 'CDbException' with message 'CDbCommand failed to execute the SQL statement: SQLSTATE[42601]: Syntax error: 7 ERROR:  syntax error at or near "WHERE"
LINE 3: WHERE WHERE f."id_pore" = 'EB46D3B7-4977-B46B-E03214A704D7' ...
              ^. The SQL statement executed was: SELECT *
FROM "Fluid" "f"
WHERE WHERE f."id_pore" = :id_pore )' in W:\home\yii\drilling.ru\framework\db\CDbCommand.php:543
Stack trace:
#0 W:\home\yii\drilling.ru\framework\db\CDbCommand.php(396): CDbCommand->queryInternal('fetchAll', Array, Array)
#1 W:\home\yii\drilling.ru\protected\controllers\PoreController.php(122): CDbCommand->queryAll()
#2 W:\home\yii\drilling.ru\framework\web\actions\CInlineAction.php(49): PoreController->actionTree()
#3 W:\home\yii\drilling.ru\framework\web\CController.php(308): CInlineAction->runWithParams(Array)
#4 W:\home\yii\drilling.ru\framework\web\filters\CFilterChain.php(133): CController->runAction(Object(CInlineAction))
#5 W:\home\yii\drilling.ru\framework\web\filters\CFilter.php(40): CFilterChain->run()
#6 W:\home\yii\drilling.ru\framework\web\CController.php(1145): CFilter->filter(Object(CFilterChain))
#7 W:\home\yii\drilling.ru\framework\web\filters\CInlineFilter.php(58): CController->filterAccessControl(Object(CFilterChain))
#8 W:\home\yii\drilling.ru\framework\web\filters\CFilterChain.php(130): CInlineFilter->filter(Object(CFilterChain))
#9 W:\home\yii\drilling.ru\framework\web\CController.php(291): CFilterChain->run()
#10 W:\home\yii\drilling.ru\framework\web\CController.php(265): CController->runActionWithFilters(Object(CInlineAction), Array)
#11 W:\home\yii\drilling.ru\framework\web\CWebApplication.php(282): CController->run('tree')
#12 W:\home\yii\drilling.ru\framework\web\CWebApplication.php(141): CWebApplication->runController('pore/tree')
#13 W:\home\yii\drilling.ru\framework\base\CApplication.php(180): CWebApplication->processRequest()
#14 W:\home\yii\drilling.ru\index.php(15): CApplication->run()
#15 {main}
REQUEST_URI=/index.php?r=pore/tree&rooter=393E66CA-E91E-8D54-235154313A47&root=EB46D3B7-4977-B46B-E03214A704D7
---
2014/05/25 13:55:26 [error] [system.db.CDbCommand] CDbCommand::fetchAll() failed: SQLSTATE[42601]: Syntax error: 7 ERROR:  syntax error at or near ")"
LINE 3: WHERE  f."id_pore" = 'EB46D3B7-4977-B46B-E03214A704D7' )
                                                               ^. The SQL statement executed was: SELECT *
FROM "Fluid" "f"
WHERE  f."id_pore" = :id_pore ).
in W:\home\yii\drilling.ru\protected\controllers\PoreController.php (122)
in W:\home\yii\drilling.ru\index.php (15)
2014/05/25 13:55:26 [error] [exception.CDbException] exception 'CDbException' with message 'CDbCommand failed to execute the SQL statement: SQLSTATE[42601]: Syntax error: 7 ERROR:  syntax error at or near ")"
LINE 3: WHERE  f."id_pore" = 'EB46D3B7-4977-B46B-E03214A704D7' )
                                                               ^. The SQL statement executed was: SELECT *
FROM "Fluid" "f"
WHERE  f."id_pore" = :id_pore )' in W:\home\yii\drilling.ru\framework\db\CDbCommand.php:543
Stack trace:
#0 W:\home\yii\drilling.ru\framework\db\CDbCommand.php(396): CDbCommand->queryInternal('fetchAll', Array, Array)
#1 W:\home\yii\drilling.ru\protected\controllers\PoreController.php(122): CDbCommand->queryAll()
#2 W:\home\yii\drilling.ru\framework\web\actions\CInlineAction.php(49): PoreController->actionTree()
#3 W:\home\yii\drilling.ru\framework\web\CController.php(308): CInlineAction->runWithParams(Array)
#4 W:\home\yii\drilling.ru\framework\web\filters\CFilterChain.php(133): CController->runAction(Object(CInlineAction))
#5 W:\home\yii\drilling.ru\framework\web\filters\CFilter.php(40): CFilterChain->run()
#6 W:\home\yii\drilling.ru\framework\web\CController.php(1145): CFilter->filter(Object(CFilterChain))
#7 W:\home\yii\drilling.ru\framework\web\filters\CInlineFilter.php(58): CController->filterAccessControl(Object(CFilterChain))
#8 W:\home\yii\drilling.ru\framework\web\filters\CFilterChain.php(130): CInlineFilter->filter(Object(CFilterChain))
#9 W:\home\yii\drilling.ru\framework\web\CController.php(291): CFilterChain->run()
#10 W:\home\yii\drilling.ru\framework\web\CController.php(265): CController->runActionWithFilters(Object(CInlineAction), Array)
#11 W:\home\yii\drilling.ru\framework\web\CWebApplication.php(282): CController->run('tree')
#12 W:\home\yii\drilling.ru\framework\web\CWebApplication.php(141): CWebApplication->runController('pore/tree')
#13 W:\home\yii\drilling.ru\framework\base\CApplication.php(180): CWebApplication->processRequest()
#14 W:\home\yii\drilling.ru\index.php(15): CApplication->run()
#15 {main}
REQUEST_URI=/index.php?r=pore/tree&rooter=393E66CA-E91E-8D54-235154313A47&root=EB46D3B7-4977-B46B-E03214A704D7
---
2014/05/25 14:18:19 [error] [exception.CDbException] exception 'CDbException' with message 'CDbConnection failed to open the DB connection: SQLSTATE[08006] [7] FATAL:  password authentication failed for user "postgres"' in Z:\home\drillings\new\framework\db\CDbConnection.php:382
Stack trace:
#0 Z:\home\drillings\new\framework\db\CDbConnection.php(330): CDbConnection->open()
#1 Z:\home\drillings\new\framework\db\CDbConnection.php(308): CDbConnection->setActive(true)
#2 Z:\home\drillings\new\framework\base\CModule.php(387): CDbConnection->init()
#3 Z:\home\drillings\new\framework\base\CApplication.php(450): CModule->getComponent('db')
#4 Z:\home\drillings\new\framework\db\ar\CActiveRecord.php(634): CApplication->getDb()
#5 Z:\home\drillings\new\framework\db\ar\CActiveRecord.php(2361): CActiveRecord->getDbConnection()
#6 Z:\home\drillings\new\framework\db\ar\CActiveRecord.php(411): CActiveRecordMetaData->__construct(Object(Fluid))
#7 Z:\home\drillings\new\framework\db\ar\CActiveRecord.php(79): CActiveRecord->getMetaData()
#8 Z:\home\drillings\new\protected\controllers\FluidController.php(135): CActiveRecord->__construct('search')
#9 Z:\home\drillings\new\framework\web\actions\CInlineAction.php(49): FluidController->actionIndex()
#10 Z:\home\drillings\new\framework\web\CController.php(308): CInlineAction->runWithParams(Array)
#11 Z:\home\drillings\new\framework\web\filters\CFilterChain.php(133): CController->runAction(Object(CInlineAction))
#12 Z:\home\drillings\new\framework\web\filters\CFilter.php(40): CFilterChain->run()
#13 Z:\home\drillings\new\framework\web\CController.php(1145): CFilter->filter(Object(CFilterChain))
#14 Z:\home\drillings\new\framework\web\filters\CInlineFilter.php(58): CController->filterAccessControl(Object(CFilterChain))
#15 Z:\home\drillings\new\framework\web\filters\CFilterChain.php(130): CInlineFilter->filter(Object(CFilterChain))
#16 Z:\home\drillings\new\framework\web\CController.php(291): CFilterChain->run()
#17 Z:\home\drillings\new\framework\web\CController.php(265): CController->runActionWithFilters(Object(CInlineAction), Array)
#18 Z:\home\drillings\new\framework\web\CWebApplication.php(282): CController->run('')
#19 Z:\home\drillings\new\framework\web\CWebApplication.php(141): CWebApplication->runController('fluid')
#20 Z:\home\drillings\new\framework\base\CApplication.php(180): CWebApplication->processRequest()
#21 Z:\home\drillings\new\index.php(15): CApplication->run()
#22 {main}
REQUEST_URI=/index.php?r=fluid
---
2014/05/25 14:18:54 [error] [system.db.CDbCommand] CDbCommand::fetchAll() failed: SQLSTATE[42703]: Undefined column: 7 ERROR:  column f.id_pore does not exist
LINE 3: WHERE p."id" IN ( SELECT f."id_pore" FROM "Fluid" "f" WHERE ...
                                 ^. The SQL statement executed was: SELECT *
FROM "Pore" "p"
WHERE p."id" IN ( SELECT f."id_pore" FROM "Fluid" "f" WHERE f."id_square" = :id_square ).
in Z:\home\drillings\new\protected\views\fluid\index.php (133)
in Z:\home\drillings\new\protected\controllers\FluidController.php (144)
in Z:\home\drillings\new\index.php (15)
2014/05/25 14:18:54 [error] [exception.CDbException] exception 'CDbException' with message 'CDbCommand failed to execute the SQL statement: SQLSTATE[42703]: Undefined column: 7 ERROR:  column f.id_pore does not exist
LINE 3: WHERE p."id" IN ( SELECT f."id_pore" FROM "Fluid" "f" WHERE ...
                                 ^. The SQL statement executed was: SELECT *
FROM "Pore" "p"
WHERE p."id" IN ( SELECT f."id_pore" FROM "Fluid" "f" WHERE f."id_square" = :id_square )' in Z:\home\drillings\new\framework\db\CDbCommand.php:543
Stack trace:
#0 Z:\home\drillings\new\framework\db\CDbCommand.php(396): CDbCommand->queryInternal('fetchAll', Array, Array)
#1 Z:\home\drillings\new\protected\views\fluid\index.php(133): CDbCommand->queryAll()
#2 Z:\home\drillings\new\framework\web\CBaseController.php(126): require('Z:\home\drillin...')
#3 Z:\home\drillings\new\framework\web\CBaseController.php(95): CBaseController->renderInternal('Z:\home\drillin...', Array, true)
#4 Z:\home\drillings\new\framework\web\CController.php(869): CBaseController->renderFile('Z:\home\drillin...', Array, true)
#5 Z:\home\drillings\new\framework\web\CController.php(782): CController->renderPartial('index', Array, true)
#6 Z:\home\drillings\new\protected\controllers\FluidController.php(144): CController->render('index', Array)
#7 Z:\home\drillings\new\framework\web\actions\CInlineAction.php(49): FluidController->actionIndex()
#8 Z:\home\drillings\new\framework\web\CController.php(308): CInlineAction->runWithParams(Array)
#9 Z:\home\drillings\new\framework\web\filters\CFilterChain.php(133): CController->runAction(Object(CInlineAction))
#10 Z:\home\drillings\new\framework\web\filters\CFilter.php(40): CFilterChain->run()
#11 Z:\home\drillings\new\framework\web\CController.php(1145): CFilter->filter(Object(CFilterChain))
#12 Z:\home\drillings\new\framework\web\filters\CInlineFilter.php(58): CController->filterAccessControl(Object(CFilterChain))
#13 Z:\home\drillings\new\framework\web\filters\CFilterChain.php(130): CInlineFilter->filter(Object(CFilterChain))
#14 Z:\home\drillings\new\framework\web\CController.php(291): CFilterChain->run()
#15 Z:\home\drillings\new\framework\web\CController.php(265): CController->runActionWithFilters(Object(CInlineAction), Array)
#16 Z:\home\drillings\new\framework\web\CWebApplication.php(282): CController->run('')
#17 Z:\home\drillings\new\framework\web\CWebApplication.php(141): CWebApplication->runController('fluid')
#18 Z:\home\drillings\new\framework\base\CApplication.php(180): CWebApplication->processRequest()
#19 Z:\home\drillings\new\index.php(15): CApplication->run()
#20 {main}
REQUEST_URI=/index.php?r=fluid
---
2014/05/25 14:19:48 [error] [system.db.CDbCommand] CDbCommand::fetchAll() failed: SQLSTATE[42703]: Undefined column: 7 ERROR:  column f.id_square does not exist
LINE 3: ...d" IN ( SELECT f."id_pore" FROM "Fluid" "f" WHERE f."id_squa...
                                                             ^. The SQL statement executed was: SELECT *
FROM "Pore" "p"
WHERE p."id" IN ( SELECT f."id_pore" FROM "Fluid" "f" WHERE f."id_square" = :id_square ).
in Z:\home\drillings\new\protected\views\fluid\index.php (133)
in Z:\home\drillings\new\protected\controllers\FluidController.php (144)
in Z:\home\drillings\new\index.php (15)
2014/05/25 14:19:48 [error] [exception.CDbException] exception 'CDbException' with message 'CDbCommand failed to execute the SQL statement: SQLSTATE[42703]: Undefined column: 7 ERROR:  column f.id_square does not exist
LINE 3: ...d" IN ( SELECT f."id_pore" FROM "Fluid" "f" WHERE f."id_squa...
                                                             ^. The SQL statement executed was: SELECT *
FROM "Pore" "p"
WHERE p."id" IN ( SELECT f."id_pore" FROM "Fluid" "f" WHERE f."id_square" = :id_square )' in Z:\home\drillings\new\framework\db\CDbCommand.php:543
Stack trace:
#0 Z:\home\drillings\new\framework\db\CDbCommand.php(396): CDbCommand->queryInternal('fetchAll', Array, Array)
#1 Z:\home\drillings\new\protected\views\fluid\index.php(133): CDbCommand->queryAll()
#2 Z:\home\drillings\new\framework\web\CBaseController.php(126): require('Z:\home\drillin...')
#3 Z:\home\drillings\new\framework\web\CBaseController.php(95): CBaseController->renderInternal('Z:\home\drillin...', Array, true)
#4 Z:\home\drillings\new\framework\web\CController.php(869): CBaseController->renderFile('Z:\home\drillin...', Array, true)
#5 Z:\home\drillings\new\framework\web\CController.php(782): CController->renderPartial('index', Array, true)
#6 Z:\home\drillings\new\protected\controllers\FluidController.php(144): CController->render('index', Array)
#7 Z:\home\drillings\new\framework\web\actions\CInlineAction.php(49): FluidController->actionIndex()
#8 Z:\home\drillings\new\framework\web\CController.php(308): CInlineAction->runWithParams(Array)
#9 Z:\home\drillings\new\framework\web\filters\CFilterChain.php(133): CController->runAction(Object(CInlineAction))
#10 Z:\home\drillings\new\framework\web\filters\CFilter.php(40): CFilterChain->run()
#11 Z:\home\drillings\new\framework\web\CController.php(1145): CFilter->filter(Object(CFilterChain))
#12 Z:\home\drillings\new\framework\web\filters\CInlineFilter.php(58): CController->filterAccessControl(Object(CFilterChain))
#13 Z:\home\drillings\new\framework\web\filters\CFilterChain.php(130): CInlineFilter->filter(Object(CFilterChain))
#14 Z:\home\drillings\new\framework\web\CController.php(291): CFilterChain->run()
#15 Z:\home\drillings\new\framework\web\CController.php(265): CController->runActionWithFilters(Object(CInlineAction), Array)
#16 Z:\home\drillings\new\framework\web\CWebApplication.php(282): CController->run('')
#17 Z:\home\drillings\new\framework\web\CWebApplication.php(141): CWebApplication->runController('fluid')
#18 Z:\home\drillings\new\framework\base\CApplication.php(180): CWebApplication->processRequest()
#19 Z:\home\drillings\new\index.php(15): CApplication->run()
#20 {main}
REQUEST_URI=/index.php?r=fluid
---
2014/05/25 14:20:03 [error] [exception.CException] exception 'CException' with message 'Property "Fluid.filtration1" is not defined.' in Z:\home\drillings\new\framework\base\CComponent.php:130
Stack trace:
#0 Z:\home\drillings\new\framework\db\ar\CActiveRecord.php(145): CComponent->__get('filtration1')
#1 Z:\home\drillings\new\protected\models\Fluid.php(151): CActiveRecord->__get('filtration1')
#2 Z:\home\drillings\new\protected\views\fluid\index.php(147): Fluid->search()
#3 Z:\home\drillings\new\framework\web\CBaseController.php(126): require('Z:\home\drillin...')
#4 Z:\home\drillings\new\framework\web\CBaseController.php(95): CBaseController->renderInternal('Z:\home\drillin...', Array, true)
#5 Z:\home\drillings\new\framework\web\CController.php(869): CBaseController->renderFile('Z:\home\drillin...', Array, true)
#6 Z:\home\drillings\new\framework\web\CController.php(782): CController->renderPartial('index', Array, true)
#7 Z:\home\drillings\new\protected\controllers\FluidController.php(144): CController->render('index', Array)
#8 Z:\home\drillings\new\framework\web\actions\CInlineAction.php(49): FluidController->actionIndex()
#9 Z:\home\drillings\new\framework\web\CController.php(308): CInlineAction->runWithParams(Array)
#10 Z:\home\drillings\new\framework\web\filters\CFilterChain.php(133): CController->runAction(Object(CInlineAction))
#11 Z:\home\drillings\new\framework\web\filters\CFilter.php(40): CFilterChain->run()
#12 Z:\home\drillings\new\framework\web\CController.php(1145): CFilter->filter(Object(CFilterChain))
#13 Z:\home\drillings\new\framework\web\filters\CInlineFilter.php(58): CController->filterAccessControl(Object(CFilterChain))
#14 Z:\home\drillings\new\framework\web\filters\CFilterChain.php(130): CInlineFilter->filter(Object(CFilterChain))
#15 Z:\home\drillings\new\framework\web\CController.php(291): CFilterChain->run()
#16 Z:\home\drillings\new\framework\web\CController.php(265): CController->runActionWithFilters(Object(CInlineAction), Array)
#17 Z:\home\drillings\new\framework\web\CWebApplication.php(282): CController->run('')
#18 Z:\home\drillings\new\framework\web\CWebApplication.php(141): CWebApplication->runController('fluid')
#19 Z:\home\drillings\new\framework\base\CApplication.php(180): CWebApplication->processRequest()
#20 Z:\home\drillings\new\index.php(15): CApplication->run()
#21 {main}
REQUEST_URI=/index.php?r=fluid
---
